#
# There is insufficient memory for the Java Runtime Environment to continue.
# Native memory allocation (malloc) failed to allocate 32784 bytes for Chunk::new
# Possible reasons:
#   The system is out of physical RAM or swap space
#   The process is running with CompressedOops enabled, and the Java Heap may be blocking the growth of the native heap
# Possible solutions:
#   Reduce memory load on the system
#   Increase physical memory or swap space
#   Check if swap backing store is full
#   Decrease Java heap size (-Xmx/-Xms)
#   Decrease number of Java threads
#   Decrease Java thread stack sizes (-Xss)
#   Set larger code cache with -XX:ReservedCodeCacheSize=
#   JVM is running with Unscaled Compressed Oops mode in which the Java heap is
#     placed in the first 4GB address space. The Java Heap base address is the
#     maximum limit for the native heap growth. Please use -XX:HeapBaseMinAddress
#     to set the Java Heap base and to place the Java Heap above 4GB virtual address.
# This output file may be truncated or incomplete.
#
#  Out of Memory Error (arena.cpp:189), pid=1748, tid=5420
#
# JRE version: OpenJDK Runtime Environment Zulu17.36+17-CA (17.0.4.1+1) (build 17.0.4.1+1-LTS)
# Java VM: OpenJDK 64-Bit Server VM Zulu17.36+17-CA (17.0.4.1+1-LTS, mixed mode, sharing, tiered, compressed oops, compressed class ptrs, g1 gc, windows-amd64)
# No core dump will be written. Minidumps are not enabled by default on client versions of Windows
#

---------------  S U M M A R Y ------------

Command Line: -Dfile.encoding=windows-1252 -Duser.country=BR -Duser.language=pt -Duser.variant me.dio.sacola.SacolaApiApplication

Host: Intel(R) Core(TM) i3-6006U CPU @ 2.00GHz, 4 cores, 3G,  Windows 10 , 64 bit Build 16299 (10.0.16299.15)
Time: Wed Oct  5 17:41:17 2022 Hora oficial do Brasil elapsed time: 31.063610 seconds (0d 0h 0m 31s)

---------------  T H R E A D  ---------------

Current thread (0x000002c3f9bdf260):  JavaThread "C2 CompilerThread0" daemon [_thread_in_native, id=5420, stack(0x000000d82dc00000,0x000000d82dd00000)]


Current CompileTask:
C2:  31063 1526       4       java.net.URLStreamHandler::parseURL (1201 bytes)

Stack: [0x000000d82dc00000,0x000000d82dd00000]
Native frames: (J=compiled Java code, j=interpreted, Vv=VM code, C=native code)
V  [jvm.dll+0x67c78a]
V  [jvm.dll+0x838224]
V  [jvm.dll+0x8399ce]
V  [jvm.dll+0x83a033]
V  [jvm.dll+0x249425]
V  [jvm.dll+0xabf1b]
V  [jvm.dll+0xac4ac]
V  [jvm.dll+0xac02b]
V  [jvm.dll+0x6d2afc]
V  [jvm.dll+0x58ca3f]
V  [jvm.dll+0x58f731]
V  [jvm.dll+0x579096]
V  [jvm.dll+0x577105]
V  [jvm.dll+0x5837f9]
V  [jvm.dll+0x220d22]
V  [jvm.dll+0x21a23f]
V  [jvm.dll+0x217e9b]
V  [jvm.dll+0x1a432d]
V  [jvm.dll+0x227918]
V  [jvm.dll+0x225a75]
V  [jvm.dll+0x7ed96c]
V  [jvm.dll+0x7e7eba]
V  [jvm.dll+0x67b615]
C  [ucrtbase.dll+0x1d885]
C  [KERNEL32.DLL+0x11fe4]
C  [ntdll.dll+0x6ef91]


---------------  P R O C E S S  ---------------

Threads class SMR info:
_java_thread_list=0x000002c3faf10a50, length=14, elements={
0x000002c3eb7caf80, 0x000002c3eb885ae0, 0x000002c3eb889890, 0x000002c3f9bd9520,
0x000002c3f9bdb000, 0x000002c3f9bddce0, 0x000002c3f9bde5b0, 0x000002c3f9bdf260,
0x000002c3f9c46320, 0x000002c3f9c48850, 0x000002c3fa87b570, 0x000002c3fa8806d0,
0x000002c3fadf6e00, 0x000002c3fb0b8050
}

Java Threads: ( => current thread )
  0x000002c3eb7caf80 JavaThread "main" [_thread_in_native, id=6628, stack(0x000000d82ce00000,0x000000d82cf00000)]
  0x000002c3eb885ae0 JavaThread "Reference Handler" daemon [_thread_blocked, id=10940, stack(0x000000d82d500000,0x000000d82d600000)]
  0x000002c3eb889890 JavaThread "Finalizer" daemon [_thread_blocked, id=2488, stack(0x000000d82d600000,0x000000d82d700000)]
  0x000002c3f9bd9520 JavaThread "Signal Dispatcher" daemon [_thread_blocked, id=10832, stack(0x000000d82d800000,0x000000d82d900000)]
  0x000002c3f9bdb000 JavaThread "Attach Listener" daemon [_thread_blocked, id=8544, stack(0x000000d82d900000,0x000000d82da00000)]
  0x000002c3f9bddce0 JavaThread "Service Thread" daemon [_thread_blocked, id=12280, stack(0x000000d82da00000,0x000000d82db00000)]
  0x000002c3f9bde5b0 JavaThread "Monitor Deflation Thread" daemon [_thread_blocked, id=5840, stack(0x000000d82db00000,0x000000d82dc00000)]
=>0x000002c3f9bdf260 JavaThread "C2 CompilerThread0" daemon [_thread_in_native, id=5420, stack(0x000000d82dc00000,0x000000d82dd00000)]
  0x000002c3f9c46320 JavaThread "C1 CompilerThread0" daemon [_thread_blocked, id=4668, stack(0x000000d82dd00000,0x000000d82de00000)]
  0x000002c3f9c48850 JavaThread "Sweeper thread" daemon [_thread_blocked, id=236, stack(0x000000d82de00000,0x000000d82df00000)]
  0x000002c3fa87b570 JavaThread "Notification Thread" daemon [_thread_blocked, id=9384, stack(0x000000d82df00000,0x000000d82e000000)]
  0x000002c3fa8806d0 JavaThread "Common-Cleaner" daemon [_thread_blocked, id=2976, stack(0x000000d82e100000,0x000000d82e200000)]
  0x000002c3fadf6e00 JavaThread "background-preinit" [_thread_blocked, id=9340, stack(0x000000d82e700000,0x000000d82e800000)]
  0x000002c3fb0b8050 JavaThread "C2 CompilerThread1" daemon [_thread_blocked, id=12780, stack(0x000000d82e900000,0x000000d82ea00000)]

Other Threads:
  0x000002c3eb87fb40 VMThread "VM Thread" [stack: 0x000000d82d400000,0x000000d82d500000] [id=10412]
  0x000002c3fa87ba50 WatcherThread [stack: 0x000000d82e000000,0x000000d82e100000] [id=6436]
  0x000002c3eb806870 GCTaskThread "GC Thread#0" [stack: 0x000000d82cf00000,0x000000d82d000000] [id=12584]
  0x000002c3fad81450 GCTaskThread "GC Thread#1" [stack: 0x000000d82e300000,0x000000d82e400000] [id=1088]
  0x000002c3fad35e30 GCTaskThread "GC Thread#2" [stack: 0x000000d82e400000,0x000000d82e500000] [id=5680]
  0x000002c3fadc55d0 GCTaskThread "GC Thread#3" [stack: 0x000000d82e500000,0x000000d82e600000] [id=9252]
  0x000002c3eb811730 ConcurrentGCThread "G1 Main Marker" [stack: 0x000000d82d000000,0x000000d82d100000] [id=12020]
  0x000002c3eb812050 ConcurrentGCThread "G1 Conc#0" [stack: 0x000000d82d100000,0x000000d82d200000] [id=4016]
  0x000002c3eb85f1e0 ConcurrentGCThread "G1 Refine#0" [stack: 0x000000d82d200000,0x000000d82d300000] [id=9568]
  0x000002c3f9ca1b70 ConcurrentGCThread "G1 Refine#1" [stack: 0x000000d82e600000,0x000000d82e700000] [id=4352]
  0x000002c3eb85fb20 ConcurrentGCThread "G1 Service" [stack: 0x000000d82d300000,0x000000d82d400000] [id=11828]

Threads with active compile tasks:
C2 CompilerThread0    33585 1526       4       java.net.URLStreamHandler::parseURL (1201 bytes)

VM state: not at safepoint (normal execution)

VM Mutex/Monitor currently owned by a thread: None

Heap address: 0x00000000c1e00000, size: 994 MB, Compressed Oops mode: 32-bit

CDS archive(s) mapped at: [0x0000000800000000-0x0000000800c00000-0x0000000800c00000), size 12582912, SharedBaseAddress: 0x0000000800000000, ArchiveRelocationMode: 0.
Compressed class space mapped at: 0x0000000800c00000-0x0000000840c00000, reserved size: 1073741824
Narrow klass base: 0x0000000800000000, Narrow klass shift: 0, Narrow klass range: 0x100000000

GC Precious Log:
 CPUs: 4 total, 4 available
 Memory: 3974M
 Large Page Support: Disabled
 NUMA Support: Disabled
 Compressed Oops: Enabled (32-bit)
 Heap Region Size: 1M
 Heap Min Capacity: 8M
 Heap Initial Capacity: 64M
 Heap Max Capacity: 994M
 Pre-touch: Disabled
 Parallel Workers: 4
 Concurrent Workers: 1
 Concurrent Refinement Workers: 4
 Periodic GC: Disabled

Heap:
 garbage-first heap   total 65536K, used 12480K [0x00000000c1e00000, 0x0000000100000000)
  region size 1024K, 7 young (7168K), 2 survivors (2048K)
 Metaspace       used 13045K, committed 13248K, reserved 1064960K
  class space    used 1600K, committed 1664K, reserved 1048576K

Heap Regions: E=young(eden), S=young(survivor), O=old, HS=humongous(starts), HC=humongous(continues), CS=collection set, F=free, OA=open archive, CA=closed archive, TAMS=top-at-mark-start (previous, next)
|   0|0x00000000c1e00000, 0x00000000c1f00000, 0x00000000c1f00000|100%|HS|  |TAMS 0x00000000c1e00000, 0x00000000c1e00000| Complete 
|   1|0x00000000c1f00000, 0x00000000c2000000, 0x00000000c2000000|100%| O|  |TAMS 0x00000000c1f00000, 0x00000000c1f00000| Untracked 
|   2|0x00000000c2000000, 0x00000000c2100000, 0x00000000c2100000|100%| O|  |TAMS 0x00000000c2000000, 0x00000000c2000000| Untracked 
|   3|0x00000000c2100000, 0x00000000c2200000, 0x00000000c2200000|100%| O|  |TAMS 0x00000000c2100000, 0x00000000c2100000| Untracked 
|   4|0x00000000c2200000, 0x00000000c2300000, 0x00000000c2300000|100%| O|  |TAMS 0x00000000c2200000, 0x00000000c2200000| Untracked 
|   5|0x00000000c2300000, 0x00000000c2400000, 0x00000000c2400000|100%| O|  |TAMS 0x00000000c2300000, 0x00000000c2300000| Untracked 
|   6|0x00000000c2400000, 0x00000000c2436c00, 0x00000000c2500000| 21%| O|  |TAMS 0x00000000c2400000, 0x00000000c2400000| Untracked 
|   7|0x00000000c2500000, 0x00000000c2500000, 0x00000000c2600000|  0%| F|  |TAMS 0x00000000c2500000, 0x00000000c2500000| Untracked 
|   8|0x00000000c2600000, 0x00000000c2600000, 0x00000000c2700000|  0%| F|  |TAMS 0x00000000c2600000, 0x00000000c2600000| Untracked 
|   9|0x00000000c2700000, 0x00000000c2700000, 0x00000000c2800000|  0%| F|  |TAMS 0x00000000c2700000, 0x00000000c2700000| Untracked 
|  10|0x00000000c2800000, 0x00000000c2800000, 0x00000000c2900000|  0%| F|  |TAMS 0x00000000c2800000, 0x00000000c2800000| Untracked 
|  11|0x00000000c2900000, 0x00000000c2900000, 0x00000000c2a00000|  0%| F|  |TAMS 0x00000000c2900000, 0x00000000c2900000| Untracked 
|  12|0x00000000c2a00000, 0x00000000c2a00000, 0x00000000c2b00000|  0%| F|  |TAMS 0x00000000c2a00000, 0x00000000c2a00000| Untracked 
|  13|0x00000000c2b00000, 0x00000000c2b00000, 0x00000000c2c00000|  0%| F|  |TAMS 0x00000000c2b00000, 0x00000000c2b00000| Untracked 
|  14|0x00000000c2c00000, 0x00000000c2c00000, 0x00000000c2d00000|  0%| F|  |TAMS 0x00000000c2c00000, 0x00000000c2c00000| Untracked 
|  15|0x00000000c2d00000, 0x00000000c2d00000, 0x00000000c2e00000|  0%| F|  |TAMS 0x00000000c2d00000, 0x00000000c2d00000| Untracked 
|  16|0x00000000c2e00000, 0x00000000c2e00000, 0x00000000c2f00000|  0%| F|  |TAMS 0x00000000c2e00000, 0x00000000c2e00000| Untracked 
|  17|0x00000000c2f00000, 0x00000000c2f00000, 0x00000000c3000000|  0%| F|  |TAMS 0x00000000c2f00000, 0x00000000c2f00000| Untracked 
|  18|0x00000000c3000000, 0x00000000c3000000, 0x00000000c3100000|  0%| F|  |TAMS 0x00000000c3000000, 0x00000000c3000000| Untracked 
|  19|0x00000000c3100000, 0x00000000c3100000, 0x00000000c3200000|  0%| F|  |TAMS 0x00000000c3100000, 0x00000000c3100000| Untracked 
|  20|0x00000000c3200000, 0x00000000c3200000, 0x00000000c3300000|  0%| F|  |TAMS 0x00000000c3200000, 0x00000000c3200000| Untracked 
|  21|0x00000000c3300000, 0x00000000c3300000, 0x00000000c3400000|  0%| F|  |TAMS 0x00000000c3300000, 0x00000000c3300000| Untracked 
|  22|0x00000000c3400000, 0x00000000c3400000, 0x00000000c3500000|  0%| F|  |TAMS 0x00000000c3400000, 0x00000000c3400000| Untracked 
|  23|0x00000000c3500000, 0x00000000c3500000, 0x00000000c3600000|  0%| F|  |TAMS 0x00000000c3500000, 0x00000000c3500000| Untracked 
|  24|0x00000000c3600000, 0x00000000c3600000, 0x00000000c3700000|  0%| F|  |TAMS 0x00000000c3600000, 0x00000000c3600000| Untracked 
|  25|0x00000000c3700000, 0x00000000c3700000, 0x00000000c3800000|  0%| F|  |TAMS 0x00000000c3700000, 0x00000000c3700000| Untracked 
|  26|0x00000000c3800000, 0x00000000c3800000, 0x00000000c3900000|  0%| F|  |TAMS 0x00000000c3800000, 0x00000000c3800000| Untracked 
|  27|0x00000000c3900000, 0x00000000c3900000, 0x00000000c3a00000|  0%| F|  |TAMS 0x00000000c3900000, 0x00000000c3900000| Untracked 
|  28|0x00000000c3a00000, 0x00000000c3a00000, 0x00000000c3b00000|  0%| F|  |TAMS 0x00000000c3a00000, 0x00000000c3a00000| Untracked 
|  29|0x00000000c3b00000, 0x00000000c3b00000, 0x00000000c3c00000|  0%| F|  |TAMS 0x00000000c3b00000, 0x00000000c3b00000| Untracked 
|  30|0x00000000c3c00000, 0x00000000c3c00000, 0x00000000c3d00000|  0%| F|  |TAMS 0x00000000c3c00000, 0x00000000c3c00000| Untracked 
|  31|0x00000000c3d00000, 0x00000000c3d00000, 0x00000000c3e00000|  0%| F|  |TAMS 0x00000000c3d00000, 0x00000000c3d00000| Untracked 
|  32|0x00000000c3e00000, 0x00000000c3e00000, 0x00000000c3f00000|  0%| F|  |TAMS 0x00000000c3e00000, 0x00000000c3e00000| Untracked 
|  33|0x00000000c3f00000, 0x00000000c3f00000, 0x00000000c4000000|  0%| F|  |TAMS 0x00000000c3f00000, 0x00000000c3f00000| Untracked 
|  34|0x00000000c4000000, 0x00000000c4000000, 0x00000000c4100000|  0%| F|  |TAMS 0x00000000c4000000, 0x00000000c4000000| Untracked 
|  35|0x00000000c4100000, 0x00000000c4100000, 0x00000000c4200000|  0%| F|  |TAMS 0x00000000c4100000, 0x00000000c4100000| Untracked 
|  36|0x00000000c4200000, 0x00000000c4200000, 0x00000000c4300000|  0%| F|  |TAMS 0x00000000c4200000, 0x00000000c4200000| Untracked 
|  37|0x00000000c4300000, 0x00000000c4300000, 0x00000000c4400000|  0%| F|  |TAMS 0x00000000c4300000, 0x00000000c4300000| Untracked 
|  38|0x00000000c4400000, 0x00000000c4400000, 0x00000000c4500000|  0%| F|  |TAMS 0x00000000c4400000, 0x00000000c4400000| Untracked 
|  39|0x00000000c4500000, 0x00000000c4500000, 0x00000000c4600000|  0%| F|  |TAMS 0x00000000c4500000, 0x00000000c4500000| Untracked 
|  40|0x00000000c4600000, 0x00000000c46f9528, 0x00000000c4700000| 97%| S|CS|TAMS 0x00000000c4600000, 0x00000000c4600000| Complete 
|  41|0x00000000c4700000, 0x00000000c4800000, 0x00000000c4800000|100%| S|CS|TAMS 0x00000000c4700000, 0x00000000c4700000| Complete 
|  42|0x00000000c4800000, 0x00000000c4800000, 0x00000000c4900000|  0%| F|  |TAMS 0x00000000c4800000, 0x00000000c4800000| Untracked 
|  43|0x00000000c4900000, 0x00000000c4900000, 0x00000000c4a00000|  0%| F|  |TAMS 0x00000000c4900000, 0x00000000c4900000| Untracked 
|  44|0x00000000c4a00000, 0x00000000c4a00000, 0x00000000c4b00000|  0%| F|  |TAMS 0x00000000c4a00000, 0x00000000c4a00000| Untracked 
|  45|0x00000000c4b00000, 0x00000000c4b00000, 0x00000000c4c00000|  0%| F|  |TAMS 0x00000000c4b00000, 0x00000000c4b00000| Untracked 
|  46|0x00000000c4c00000, 0x00000000c4c00000, 0x00000000c4d00000|  0%| F|  |TAMS 0x00000000c4c00000, 0x00000000c4c00000| Untracked 
|  47|0x00000000c4d00000, 0x00000000c4d00000, 0x00000000c4e00000|  0%| F|  |TAMS 0x00000000c4d00000, 0x00000000c4d00000| Untracked 
|  48|0x00000000c4e00000, 0x00000000c4e00000, 0x00000000c4f00000|  0%| F|  |TAMS 0x00000000c4e00000, 0x00000000c4e00000| Untracked 
|  49|0x00000000c4f00000, 0x00000000c4f00000, 0x00000000c5000000|  0%| F|  |TAMS 0x00000000c4f00000, 0x00000000c4f00000| Untracked 
|  50|0x00000000c5000000, 0x00000000c5000000, 0x00000000c5100000|  0%| F|  |TAMS 0x00000000c5000000, 0x00000000c5000000| Untracked 
|  51|0x00000000c5100000, 0x00000000c5100000, 0x00000000c5200000|  0%| F|  |TAMS 0x00000000c5100000, 0x00000000c5100000| Untracked 
|  52|0x00000000c5200000, 0x00000000c5200000, 0x00000000c5300000|  0%| F|  |TAMS 0x00000000c5200000, 0x00000000c5200000| Untracked 
|  53|0x00000000c5300000, 0x00000000c5300000, 0x00000000c5400000|  0%| F|  |TAMS 0x00000000c5300000, 0x00000000c5300000| Untracked 
|  54|0x00000000c5400000, 0x00000000c5400000, 0x00000000c5500000|  0%| F|  |TAMS 0x00000000c5400000, 0x00000000c5400000| Untracked 
|  55|0x00000000c5500000, 0x00000000c5500000, 0x00000000c5600000|  0%| F|  |TAMS 0x00000000c5500000, 0x00000000c5500000| Untracked 
|  56|0x00000000c5600000, 0x00000000c5600000, 0x00000000c5700000|  0%| F|  |TAMS 0x00000000c5600000, 0x00000000c5600000| Untracked 
|  57|0x00000000c5700000, 0x00000000c5700000, 0x00000000c5800000|  0%| F|  |TAMS 0x00000000c5700000, 0x00000000c5700000| Untracked 
|  58|0x00000000c5800000, 0x00000000c5800000, 0x00000000c5900000|  0%| F|  |TAMS 0x00000000c5800000, 0x00000000c5800000| Untracked 
|  59|0x00000000c5900000, 0x00000000c59e7058, 0x00000000c5a00000| 90%| E|  |TAMS 0x00000000c5900000, 0x00000000c5900000| Complete 
|  60|0x00000000c5a00000, 0x00000000c5b00000, 0x00000000c5b00000|100%| E|CS|TAMS 0x00000000c5a00000, 0x00000000c5a00000| Complete 
|  61|0x00000000c5b00000, 0x00000000c5c00000, 0x00000000c5c00000|100%| E|CS|TAMS 0x00000000c5b00000, 0x00000000c5b00000| Complete 
|  62|0x00000000c5c00000, 0x00000000c5d00000, 0x00000000c5d00000|100%| E|CS|TAMS 0x00000000c5c00000, 0x00000000c5c00000| Complete 
|  63|0x00000000c5d00000, 0x00000000c5e00000, 0x00000000c5e00000|100%| E|CS|TAMS 0x00000000c5d00000, 0x00000000c5d00000| Complete 

Card table byte_map: [0x000002c3f5350000,0x000002c3f5550000] _byte_map_base: 0x000002c3f4d41000

Marking Bits (Prev, Next): (CMBitMap*) 0x000002c3eb8091c0, (CMBitMap*) 0x000002c3eb809200
 Prev Bits: [0x000002c3f5750000, 0x000002c3f66d8000)
 Next Bits: [0x000002c3f66e0000, 0x000002c3f7668000)

Polling page: 0x000002c3eb590000

Metaspace:

Usage:
  Non-class:     11.18 MB used.
      Class:      1.56 MB used.
       Both:     12.74 MB used.

Virtual space:
  Non-class space:       16.00 MB reserved,      11.31 MB ( 71%) committed,  2 nodes.
      Class space:        1.00 GB reserved,       1.63 MB ( <1%) committed,  1 nodes.
             Both:        1.02 GB reserved,      12.94 MB (  1%) committed. 

Chunk freelists:
   Non-Class:  160.00 KB
       Class:  2.38 MB
        Both:  2.53 MB

MaxMetaspaceSize: unlimited
CompressedClassSpaceSize: 1.00 GB
Initial GC threshold: 21.00 MB
Current GC threshold: 21.00 MB
CDS: on
MetaspaceReclaimPolicy: balanced
 - commit_granule_bytes: 65536.
 - commit_granule_words: 8192.
 - virtual_space_node_default_size: 1048576.
 - enlarge_chunks_in_place: 1.
 - new_chunks_are_fully_committed: 0.
 - uncommit_free_chunks: 1.
 - use_allocation_guard: 0.
 - handle_deallocations: 1.


Internal statistics:

num_allocs_failed_limit: 0.
num_arena_births: 142.
num_arena_deaths: 0.
num_vsnodes_births: 3.
num_vsnodes_deaths: 0.
num_space_committed: 207.
num_space_uncommitted: 0.
num_chunks_returned_to_freelist: 0.
num_chunks_taken_from_freelist: 545.
num_chunk_merges: 0.
num_chunk_splits: 382.
num_chunks_enlarged: 315.
num_purges: 0.
num_inconsistent_stats: 0.

CodeHeap 'non-profiled nmethods': size=120000Kb used=612Kb max_used=612Kb free=119387Kb
 bounds [0x000002c387ad0000, 0x000002c387d40000, 0x000002c38f000000]
CodeHeap 'profiled nmethods': size=120000Kb used=3087Kb max_used=3087Kb free=116913Kb
 bounds [0x000002c3805a0000, 0x000002c3808b0000, 0x000002c387ad0000]
CodeHeap 'non-nmethods': size=5760Kb used=1162Kb max_used=1186Kb free=4597Kb
 bounds [0x000002c380000000, 0x000002c380270000, 0x000002c3805a0000]
 total_blobs=2117 nmethods=1661 adapters=368
 compilation: enabled
              stopped_count=0, restarted_count=0
 full_count=0

Compilation events (20 events):
Event: 30.606 Thread 0x000002c3f9c46320 nmethod 1523 0x000002c380850410 code [0x000002c3808505a0, 0x000002c3808506e8]
Event: 30.606 Thread 0x000002c3f9c46320 1524       3       java.lang.AbstractStringBuilder::<init> (63 bytes)
Event: 30.606 Thread 0x000002c3f9bdf260 1526       4       java.net.URLStreamHandler::parseURL (1201 bytes)
Event: 30.606 Thread 0x000002c3f9c46320 nmethod 1524 0x000002c380850790 code [0x000002c380850980, 0x000002c380850f18]
Event: 30.606 Thread 0x000002c3f9c46320 1525   !   3       sun.reflect.generics.factory.CoreReflectionFactory::makeNamedType (21 bytes)
Event: 30.607 Thread 0x000002c3f9c46320 nmethod 1525 0x000002c380851110 code [0x000002c3808512e0, 0x000002c380851568]
Event: 30.608 Thread 0x000002c3f9c46320 1527       3       ch.qos.logback.classic.Logger::getChildByName (68 bytes)
Event: 30.609 Thread 0x000002c3f9c46320 nmethod 1527 0x000002c380851710 code [0x000002c380851900, 0x000002c380851ea8]
Event: 30.862 Thread 0x000002c3f9c46320 1529       3       java.util.concurrent.locks.ReentrantLock$NonfairSync::<init> (5 bytes)
Event: 30.863 Thread 0x000002c3f9c46320 nmethod 1529 0x000002c380852090 code [0x000002c380852240, 0x000002c3808524b8]
Event: 30.863 Thread 0x000002c3f9c46320 1530       3       java.util.concurrent.locks.ReentrantLock$Sync::<init> (5 bytes)
Event: 30.863 Thread 0x000002c3f9c46320 nmethod 1530 0x000002c380852610 code [0x000002c3808527c0, 0x000002c3808529f8]
Event: 30.863 Thread 0x000002c3f9c46320 1531       3       java.util.concurrent.locks.ReentrantLock::<init> (16 bytes)
Event: 30.863 Thread 0x000002c3f9c46320 nmethod 1531 0x000002c380852b10 code [0x000002c380852ce0, 0x000002c3808530d8]
Event: 30.863 Thread 0x000002c3f9c46320 1532       3       org.springframework.util.ConcurrentReferenceHashMap$Segment::<init> (48 bytes)
Event: 30.864 Thread 0x000002c3f9c46320 nmethod 1532 0x000002c380853290 code [0x000002c3808534e0, 0x000002c380854218]
Event: 30.864 Thread 0x000002c3f9c46320 1533       3       org.springframework.util.ConcurrentReferenceHashMap::createReferenceManager (9 bytes)
Event: 30.864 Thread 0x000002c3f9c46320 nmethod 1533 0x000002c380854690 code [0x000002c380854860, 0x000002c380854dd8]
Event: 30.864 Thread 0x000002c3f9c46320 1534       3       org.springframework.util.ConcurrentReferenceHashMap$ReferenceManager::<init> (21 bytes)
Event: 30.865 Thread 0x000002c3f9c46320 nmethod 1534 0x000002c380854f90 code [0x000002c380855160, 0x000002c380855618]

GC Heap History (4 events):
Event: 8.539 GC heap before
{Heap before GC invocations=0 (full 0):
 garbage-first heap   total 65536K, used 13312K [0x00000000c1e00000, 0x0000000100000000)
  region size 1024K, 13 young (13312K), 0 survivors (0K)
 Metaspace       used 3421K, committed 3584K, reserved 1056768K
  class space    used 358K, committed 448K, reserved 1048576K
}
Event: 8.556 GC heap after
{Heap after GC invocations=1 (full 0):
 garbage-first heap   total 65536K, used 6176K [0x00000000c1e00000, 0x0000000100000000)
  region size 1024K, 2 young (2048K), 2 survivors (2048K)
 Metaspace       used 3421K, committed 3584K, reserved 1056768K
  class space    used 358K, committed 448K, reserved 1048576K
}
Event: 16.882 GC heap before
{Heap before GC invocations=1 (full 0):
 garbage-first heap   total 65536K, used 16416K [0x00000000c1e00000, 0x0000000100000000)
  region size 1024K, 12 young (12288K), 2 survivors (2048K)
 Metaspace       used 6113K, committed 6272K, reserved 1056768K
  class space    used 738K, committed 832K, reserved 1048576K
}
Event: 16.888 GC heap after
{Heap after GC invocations=2 (full 0):
 garbage-first heap   total 65536K, used 7328K [0x00000000c1e00000, 0x0000000100000000)
  region size 1024K, 1 young (1024K), 1 survivors (1024K)
 Metaspace       used 6113K, committed 6272K, reserved 1056768K
  class space    used 738K, committed 832K, reserved 1048576K
}

Deoptimization events (20 events):
Event: 22.454 Thread 0x000002c3eb7caf80 Uncommon trap: trap_request=0xffffff45 fr.pc=0x000002c387b2406c relative=0x0000000000000fcc
Event: 22.454 Thread 0x000002c3eb7caf80 Uncommon trap: reason=unstable_if action=reinterpret pc=0x000002c387b2406c method=java.util.concurrent.ConcurrentHashMap.putVal(Ljava/lang/Object;Ljava/lang/Object;Z)Ljava/lang/Object; @ 148 c2
Event: 22.454 Thread 0x000002c3eb7caf80 DEOPT PACKING pc=0x000002c387b2406c sp=0x000000d82cefe890
Event: 22.454 Thread 0x000002c3eb7caf80 DEOPT UNPACKING pc=0x000002c3800523a3 sp=0x000000d82cefe810 mode 2
Event: 24.264 Thread 0x000002c3eb7caf80 Uncommon trap: trap_request=0xffffffde fr.pc=0x000002c387b54c48 relative=0x0000000000000128
Event: 24.264 Thread 0x000002c3eb7caf80 Uncommon trap: reason=class_check action=maybe_recompile pc=0x000002c387b54c48 method=jdk.internal.misc.Unsafe.allocateUninitializedArray(Ljava/lang/Class;I)Ljava/lang/Object; @ 51 c2
Event: 24.264 Thread 0x000002c3eb7caf80 DEOPT PACKING pc=0x000002c387b54c48 sp=0x000000d82cefd750
Event: 24.264 Thread 0x000002c3eb7caf80 DEOPT UNPACKING pc=0x000002c3800523a3 sp=0x000000d82cefd6d8 mode 2
Event: 24.264 Thread 0x000002c3eb7caf80 Uncommon trap: trap_request=0xffffffde fr.pc=0x000002c387b54c48 relative=0x0000000000000128
Event: 24.264 Thread 0x000002c3eb7caf80 Uncommon trap: reason=class_check action=maybe_recompile pc=0x000002c387b54c48 method=jdk.internal.misc.Unsafe.allocateUninitializedArray(Ljava/lang/Class;I)Ljava/lang/Object; @ 51 c2
Event: 24.264 Thread 0x000002c3eb7caf80 DEOPT PACKING pc=0x000002c387b54c48 sp=0x000000d82cefd350
Event: 24.264 Thread 0x000002c3eb7caf80 DEOPT UNPACKING pc=0x000002c3800523a3 sp=0x000000d82cefd2d8 mode 2
Event: 24.264 Thread 0x000002c3eb7caf80 Uncommon trap: trap_request=0xffffffde fr.pc=0x000002c387b54c48 relative=0x0000000000000128
Event: 24.264 Thread 0x000002c3eb7caf80 Uncommon trap: reason=class_check action=maybe_recompile pc=0x000002c387b54c48 method=jdk.internal.misc.Unsafe.allocateUninitializedArray(Ljava/lang/Class;I)Ljava/lang/Object; @ 51 c2
Event: 24.264 Thread 0x000002c3eb7caf80 DEOPT PACKING pc=0x000002c387b54c48 sp=0x000000d82cefd750
Event: 24.265 Thread 0x000002c3eb7caf80 DEOPT UNPACKING pc=0x000002c3800523a3 sp=0x000000d82cefd6d8 mode 2
Event: 24.265 Thread 0x000002c3eb7caf80 Uncommon trap: trap_request=0xffffffde fr.pc=0x000002c387b54c48 relative=0x0000000000000128
Event: 24.265 Thread 0x000002c3eb7caf80 Uncommon trap: reason=class_check action=maybe_recompile pc=0x000002c387b54c48 method=jdk.internal.misc.Unsafe.allocateUninitializedArray(Ljava/lang/Class;I)Ljava/lang/Object; @ 51 c2
Event: 24.265 Thread 0x000002c3eb7caf80 DEOPT PACKING pc=0x000002c387b54c48 sp=0x000000d82cefd350
Event: 24.265 Thread 0x000002c3eb7caf80 DEOPT UNPACKING pc=0x000002c3800523a3 sp=0x000000d82cefd2d8 mode 2

Classes unloaded (0 events):
No events

Classes redefined (0 events):
No events

Internal exceptions (20 events):
Event: 17.615 Thread 0x000002c3eb7caf80 Exception <a 'java/lang/NoSuchMethodError'{0x00000000c5d3c858}: 'void java.lang.invoke.DirectMethodHandle$Holder.invokeSpecial(java.lang.Object, java.lang.Object, java.lang.Object, java.lang.Object, java.lang.Object)'> (0x00000000c5d3c858) 
thrown [s\src\hotspot\share\interpreter\linkResolver.cpp, line 759]
Event: 18.583 Thread 0x000002c3eb7caf80 Implicit null exception at 0x000002c387b1da2f to 0x000002c387b1dd10
Event: 18.583 Thread 0x000002c3eb7caf80 Implicit null exception at 0x000002c387b0990f to 0x000002c387b09989
Event: 19.480 Thread 0x000002c3eb7caf80 Exception <a 'java/lang/NoSuchMethodError'{0x00000000c5b9d170}: 'void java.lang.invoke.DirectMethodHandle$Holder.invokeSpecial(java.lang.Object, java.lang.Object, java.lang.Object, java.lang.Object, java.lang.Object, java.lang.Object)'> (0x00000000c5b9d170) 
thrown [s\src\hotspot\share\interpreter\linkResolver.cpp, line 759]
Event: 19.556 Thread 0x000002c3eb7caf80 Exception <a 'java/lang/NoSuchMethodError'{0x00000000c5a1b438}: 'java.lang.Object java.lang.invoke.DirectMethodHandle$Holder.invokeSpecial(java.lang.Object, java.lang.Object, java.lang.Object, int, java.lang.Object)'> (0x00000000c5a1b438) 
thrown [s\src\hotspot\share\interpreter\linkResolver.cpp, line 759]
Event: 19.557 Thread 0x000002c3eb7caf80 Exception <a 'java/lang/NoSuchMethodError'{0x00000000c5a23aa0}: 'java.lang.Object java.lang.invoke.DirectMethodHandle$Holder.newInvokeSpecial(java.lang.Object, java.lang.Object, java.lang.Object, int, java.lang.Object)'> (0x00000000c5a23aa0) 
thrown [s\src\hotspot\share\interpreter\linkResolver.cpp, line 759]
Event: 19.558 Thread 0x000002c3eb7caf80 Exception <a 'java/lang/NoSuchMethodError'{0x00000000c5a2b470}: 'java.lang.Object java.lang.invoke.Invokers$Holder.linkToTargetMethod(java.lang.Object, java.lang.Object, int, java.lang.Object, java.lang.Object)'> (0x00000000c5a2b470) 
thrown [s\src\hotspot\share\interpreter\linkResolver.cpp, line 759]
Event: 19.560 Thread 0x000002c3eb7caf80 Exception <a 'java/lang/NoSuchMethodError'{0x00000000c5a3a9b8}: 'java.lang.Object java.lang.invoke.DirectMethodHandle$Holder.newInvokeSpecial(java.lang.Object, int, java.lang.Object)'> (0x00000000c5a3a9b8) 
thrown [s\src\hotspot\share\interpreter\linkResolver.cpp, line 759]
Event: 19.561 Thread 0x000002c3eb7caf80 Exception <a 'java/lang/NoSuchMethodError'{0x00000000c5a3f720}: 'int java.lang.invoke.DirectMethodHandle$Holder.invokeSpecialIFC(java.lang.Object, java.lang.Object, java.lang.Object, java.lang.Object)'> (0x00000000c5a3f720) 
thrown [s\src\hotspot\share\interpreter\linkResolver.cpp, line 759]
Event: 19.597 Thread 0x000002c3eb7caf80 Exception <a 'java/lang/NoSuchMethodError'{0x00000000c5ae5db8}: 'java.lang.Object java.lang.invoke.DirectMethodHandle$Holder.invokeInterface(java.lang.Object, java.lang.Object)'> (0x00000000c5ae5db8) 
thrown [s\src\hotspot\share\interpreter\linkResolver.cpp, line 759]
Event: 19.600 Thread 0x000002c3eb7caf80 Exception <a 'java/lang/NoSuchMethodError'{0x00000000c5af63f8}: 'void java.lang.invoke.DirectMethodHandle$Holder.invokeInterface(java.lang.Object, java.lang.Object, java.lang.Object)'> (0x00000000c5af63f8) 
thrown [s\src\hotspot\share\interpreter\linkResolver.cpp, line 759]
Event: 19.639 Thread 0x000002c3eb7caf80 Exception <a 'java/lang/NoSuchMethodError'{0x00000000c59619a0}: 'void java.lang.invoke.DirectMethodHandle$Holder.invokeStatic(java.lang.Object, java.lang.Object)'> (0x00000000c59619a0) 
thrown [s\src\hotspot\share\interpreter\linkResolver.cpp, line 759]
Event: 19.639 Thread 0x000002c3eb7caf80 Exception <a 'java/lang/NoSuchMethodError'{0x00000000c59651a0}: 'void java.lang.invoke.DirectMethodHandle$Holder.invokeStaticInit(java.lang.Object, java.lang.Object)'> (0x00000000c59651a0) 
thrown [s\src\hotspot\share\interpreter\linkResolver.cpp, line 759]
Event: 19.642 Thread 0x000002c3eb7caf80 Exception <a 'java/lang/NoSuchMethodError'{0x00000000c59722a0}: 'void java.lang.invoke.DirectMethodHandle$Holder.invokeStaticInit(java.lang.Object, java.lang.Object, java.lang.Object)'> (0x00000000c59722a0) 
thrown [s\src\hotspot\share\interpreter\linkResolver.cpp, line 759]
Event: 23.559 Thread 0x000002c3eb7caf80 Exception <a 'java/lang/NoSuchMethodError'{0x00000000c59de228}: 'java.lang.Object java.lang.invoke.DirectMethodHandle$Holder.newInvokeSpecial(java.lang.Object, long)'> (0x00000000c59de228) 
thrown [s\src\hotspot\share\interpreter\linkResolver.cpp, line 759]
Event: 23.759 Thread 0x000002c3eb7caf80 Exception <a 'java/lang/NoSuchMethodError'{0x00000000c581b270}: 'void java.lang.invoke.DirectMethodHandle$Holder.invokeVirtual(java.lang.Object, java.lang.Object, java.lang.Object, java.lang.Object)'> (0x00000000c581b270) 
thrown [s\src\hotspot\share\interpreter\linkResolver.cpp, line 759]
Event: 24.281 Thread 0x000002c3eb7caf80 Exception <a 'java/lang/NoSuchMethodError'{0x00000000c5782958}: 'void java.lang.invoke.DirectMethodHandle$Holder.invokeSpecial(java.lang.Object, java.lang.Object, java.lang.Object)'> (0x00000000c5782958) 
thrown [s\src\hotspot\share\interpreter\linkResolver.cpp, line 759]
Event: 24.370 Thread 0x000002c3fadf6e00 Exception <a 'java/lang/NoClassDefFoundError'{0x00000000c57ed828}: javax/validation/Validation> (0x00000000c57ed828) 
thrown [s\src\hotspot\share\classfile\systemDictionary.cpp, line 248]
Event: 26.100 Thread 0x000002c3fadf6e00 Exception <a 'java/lang/NoSuchMethodError'{0x00000000c5508670}: 'java.lang.Object java.lang.invoke.DirectMethodHandle$Holder.invokeStaticInit(java.lang.Object, java.lang.Object, java.lang.Object)'> (0x00000000c5508670) 
thrown [s\src\hotspot\share\interpreter\linkResolver.cpp, line 759]
Event: 26.101 Thread 0x000002c3fadf6e00 Exception <a 'java/lang/NoSuchMethodError'{0x00000000c550e560}: 'java.lang.Object java.lang.invoke.DirectMethodHandle$Holder.invokeStaticInit(java.lang.Object, java.lang.Object, java.lang.Object, java.lang.Object, java.lang.Object)'> (0x00000000c550e560) 
thrown [s\src\hotspot\share\interpreter\linkResolver.cpp, line 759]

VM Operations (20 events):
Event: 17.889 Executing VM operation: Cleanup
Event: 17.889 Executing VM operation: Cleanup done
Event: 18.890 Executing VM operation: Cleanup
Event: 18.890 Executing VM operation: Cleanup done
Event: 19.890 Executing VM operation: Cleanup
Event: 19.937 Executing VM operation: Cleanup done
Event: 20.938 Executing VM operation: Cleanup
Event: 21.256 Executing VM operation: Cleanup done
Event: 23.257 Executing VM operation: Cleanup
Event: 23.551 Executing VM operation: Cleanup done
Event: 24.552 Executing VM operation: Cleanup
Event: 24.552 Executing VM operation: Cleanup done
Event: 24.679 Executing VM operation: HandshakeAllThreads
Event: 24.679 Executing VM operation: HandshakeAllThreads done
Event: 25.679 Executing VM operation: Cleanup
Event: 25.817 Executing VM operation: Cleanup done
Event: 26.818 Executing VM operation: Cleanup
Event: 27.056 Executing VM operation: Cleanup done
Event: 29.057 Executing VM operation: Cleanup
Event: 29.057 Executing VM operation: Cleanup done

Events (20 events):
Event: 28.365 loading class com/sun/org/apache/xalan/internal/utils/XMLSecurityPropertyManager$Property
Event: 28.365 loading class com/sun/org/apache/xalan/internal/utils/XMLSecurityPropertyManager$Property done
Event: 28.366 loading class jdk/xml/internal/XMLSecurityManager
Event: 28.366 loading class jdk/xml/internal/XMLSecurityManager done
Event: 28.366 loading class jdk/xml/internal/XMLSecurityManager$Limit
Event: 28.366 loading class jdk/xml/internal/XMLSecurityManager$Limit done
Event: 28.367 loading class jdk/xml/internal/XMLSecurityManager$Processor
Event: 28.367 loading class jdk/xml/internal/XMLSecurityManager$Processor done
Event: 28.367 loading class jdk/xml/internal/XMLSecurityManager$NameMap
Event: 28.367 loading class jdk/xml/internal/XMLSecurityManager$NameMap done
Event: 28.367 loading class jdk/xml/internal/JdkProperty
Event: 28.367 loading class jdk/xml/internal/JdkProperty done
Event: 28.368 loading class java/util/zip/ZipException done
Event: 28.472 loading class java/security/PrivilegedActionException
Event: 28.472 loading class java/security/PrivilegedActionException done
Event: 28.822 loading class java/io/NotSerializableException
Event: 28.913 loading class java/io/ObjectStreamException
Event: 28.913 loading class java/io/ObjectStreamException done
Event: 28.913 loading class java/io/NotSerializableException done
Event: 30.861 loading class java/beans/Transient


Dynamic libraries:
0x00007ff7ec410000 - 0x00007ff7ec41e000 	C:\Users\Tamires\.jdks\azul-17.0.4.1\bin\java.exe
0x00007ff9451c0000 - 0x00007ff9453a0000 	C:\WINDOWS\SYSTEM32\ntdll.dll
0x00007ff942990000 - 0x00007ff942a3e000 	C:\WINDOWS\System32\KERNEL32.DLL
0x00007ff942260000 - 0x00007ff9424c6000 	C:\WINDOWS\System32\KERNELBASE.dll
0x00007ff9420c0000 - 0x00007ff9421b6000 	C:\WINDOWS\System32\ucrtbase.dll
0x00007ff93d0f0000 - 0x00007ff93d108000 	C:\Users\Tamires\.jdks\azul-17.0.4.1\bin\jli.dll
0x00007ff944e60000 - 0x00007ff944fef000 	C:\WINDOWS\System32\USER32.dll
0x00007ff9424d0000 - 0x00007ff9424f0000 	C:\WINDOWS\System32\win32u.dll
0x00007ff942c40000 - 0x00007ff942c68000 	C:\WINDOWS\System32\GDI32.dll
0x00007ff9424f0000 - 0x00007ff942683000 	C:\WINDOWS\System32\gdi32full.dll
0x00007ff9421c0000 - 0x00007ff94225b000 	C:\WINDOWS\System32\msvcp_win.dll
0x00007ff93c8f0000 - 0x00007ff93c90b000 	C:\Users\Tamires\.jdks\azul-17.0.4.1\bin\VCRUNTIME140.dll
0x00007ff932d60000 - 0x00007ff932fc9000 	C:\WINDOWS\WinSxS\amd64_microsoft.windows.common-controls_6595b64144ccf1df_6.0.16299.125_none_15cbcf8893620c09\COMCTL32.dll
0x00007ff944c50000 - 0x00007ff944ced000 	C:\WINDOWS\System32\msvcrt.dll
0x00007ff943430000 - 0x00007ff943738000 	C:\WINDOWS\System32\combase.dll
0x00007ff944ff0000 - 0x00007ff94510f000 	C:\WINDOWS\System32\RPCRT4.dll
0x00007ff942040000 - 0x00007ff9420b2000 	C:\WINDOWS\System32\bcryptPrimitives.dll
0x00007ff942960000 - 0x00007ff94298d000 	C:\WINDOWS\System32\IMM32.DLL
0x00007ff93cef0000 - 0x00007ff93cefc000 	C:\Users\Tamires\.jdks\azul-17.0.4.1\bin\vcruntime140_1.dll
0x00007ff922270000 - 0x00007ff9222fd000 	C:\Users\Tamires\.jdks\azul-17.0.4.1\bin\msvcp140.dll
0x00007ff8e32e0000 - 0x00007ff8e3f43000 	C:\Users\Tamires\.jdks\azul-17.0.4.1\bin\server\jvm.dll
0x00007ff942b90000 - 0x00007ff942c31000 	C:\WINDOWS\System32\ADVAPI32.dll
0x00007ff942ee0000 - 0x00007ff942f3b000 	C:\WINDOWS\System32\sechost.dll
0x00007ff942e70000 - 0x00007ff942e78000 	C:\WINDOWS\System32\PSAPI.DLL
0x00007ff928930000 - 0x00007ff928939000 	C:\WINDOWS\SYSTEM32\WSOCK32.dll
0x00007ff942cf0000 - 0x00007ff942d5c000 	C:\WINDOWS\System32\WS2_32.dll
0x00007ff93f920000 - 0x00007ff93f943000 	C:\WINDOWS\SYSTEM32\WINMM.dll
0x00007ff9341c0000 - 0x00007ff9341ca000 	C:\WINDOWS\SYSTEM32\VERSION.dll
0x00007ff93f860000 - 0x00007ff93f88a000 	C:\WINDOWS\SYSTEM32\WINMMBASE.dll
0x00007ff941dc0000 - 0x00007ff941e0a000 	C:\WINDOWS\System32\cfgmgr32.dll
0x00007ff941580000 - 0x00007ff941591000 	C:\WINDOWS\System32\kernel.appcore.dll
0x00007ff93ca10000 - 0x00007ff93ca1a000 	C:\Users\Tamires\.jdks\azul-17.0.4.1\bin\jimage.dll
0x00007ff92cfc0000 - 0x00007ff92d188000 	C:\WINDOWS\SYSTEM32\DBGHELP.DLL
0x00007ff92cf90000 - 0x00007ff92cfb9000 	C:\WINDOWS\SYSTEM32\dbgcore.DLL
0x00007ff93c8c0000 - 0x00007ff93c8e5000 	C:\Users\Tamires\.jdks\azul-17.0.4.1\bin\java.dll
0x00007ff9220f0000 - 0x00007ff9221c7000 	C:\Users\Tamires\.jdks\azul-17.0.4.1\bin\jsvml.dll
0x00007ff943810000 - 0x00007ff944c46000 	C:\WINDOWS\System32\SHELL32.dll
0x00007ff9428a0000 - 0x00007ff942946000 	C:\WINDOWS\System32\shcore.dll
0x00007ff9415c0000 - 0x00007ff941d07000 	C:\WINDOWS\System32\windows.storage.dll
0x00007ff942e80000 - 0x00007ff942ed1000 	C:\WINDOWS\System32\shlwapi.dll
0x00007ff941530000 - 0x00007ff94157c000 	C:\WINDOWS\System32\powrprof.dll
0x00007ff941510000 - 0x00007ff94152b000 	C:\WINDOWS\System32\profapi.dll
0x00007ff93c8a0000 - 0x00007ff93c8b9000 	C:\Users\Tamires\.jdks\azul-17.0.4.1\bin\net.dll
0x00007ff93c4a0000 - 0x00007ff93c57e000 	C:\WINDOWS\SYSTEM32\WINHTTP.dll
0x00007ff940da0000 - 0x00007ff940e06000 	C:\WINDOWS\system32\mswsock.dll
0x00007ff937190000 - 0x00007ff9371a6000 	C:\Users\Tamires\.jdks\azul-17.0.4.1\bin\nio.dll
0x00007ff937170000 - 0x00007ff937188000 	C:\Users\Tamires\.jdks\azul-17.0.4.1\bin\zip.dll
0x00007ff93c890000 - 0x00007ff93c8a0000 	C:\Users\Tamires\.jdks\azul-17.0.4.1\bin\verify.dll
0x00007ff936000000 - 0x00007ff936009000 	C:\Users\Tamires\.jdks\azul-17.0.4.1\bin\management.dll
0x00007ff9357c0000 - 0x00007ff9357cb000 	C:\Users\Tamires\.jdks\azul-17.0.4.1\bin\management_ext.dll
0x00007ff92ddf0000 - 0x00007ff92de06000 	C:\WINDOWS\system32\napinsp.dll
0x00007ff920cd0000 - 0x00007ff920cea000 	C:\WINDOWS\system32\pnrpnsp.dll
0x00007ff93dfe0000 - 0x00007ff93dff8000 	C:\WINDOWS\system32\NLAapi.dll
0x00007ff940b70000 - 0x00007ff940c26000 	C:\WINDOWS\SYSTEM32\DNSAPI.dll
0x00007ff9426f0000 - 0x00007ff9426f8000 	C:\WINDOWS\System32\NSI.dll
0x00007ff940b30000 - 0x00007ff940b69000 	C:\WINDOWS\SYSTEM32\IPHLPAPI.DLL
0x00007ff93f800000 - 0x00007ff93f80e000 	C:\WINDOWS\System32\winrnr.dll
0x00007ff93ac50000 - 0x00007ff93ac65000 	C:\WINDOWS\System32\wshbth.dll
0x00007ff935f70000 - 0x00007ff935f7a000 	C:\Windows\System32\rasadhlp.dll
0x00007ff936390000 - 0x00007ff936400000 	C:\WINDOWS\System32\fwpuclnt.dll
0x00007ff941070000 - 0x00007ff941095000 	C:\WINDOWS\SYSTEM32\bcrypt.dll

dbghelp: loaded successfully - version: 4.0.5 - missing functions: none
symbol engine: initialized successfully - sym options: 0x614 - pdb path: .;C:\Users\Tamires\.jdks\azul-17.0.4.1\bin;C:\WINDOWS\SYSTEM32;C:\WINDOWS\WinSxS\amd64_microsoft.windows.common-controls_6595b64144ccf1df_6.0.16299.125_none_15cbcf8893620c09;C:\Users\Tamires\.jdks\azul-17.0.4.1\bin\server

VM Arguments:
jvm_args: -Dfile.encoding=windows-1252 -Duser.country=BR -Duser.language=pt -Duser.variant 
java_command: me.dio.sacola.SacolaApiApplication
java_class_path (initial): C:\Dev\Git\sacola-api\build\classes\java\main;C:\Dev\Git\sacola-api\build\resources\main;C:\Users\Tamires\.gradle\caches\modules-2\files-2.1\org.springframework.boot\spring-boot-starter-data-jpa\2.7.4\d7eca5c4ca2ccba19256efb90ef75672292e5bc\spring-boot-starter-data-jpa-2.7.4.jar;C:\Users\Tamires\.gradle\caches\modules-2\files-2.1\org.springframework.boot\spring-boot-starter-web\2.7.4\ab112abef321c0b9dd4ac416982fb706a2634d18\spring-boot-starter-web-2.7.4.jar;C:\Users\Tamires\.gradle\caches\modules-2\files-2.1\com.h2database\h2\2.1.214\d5c2005c9e3279201e12d4776c948578b16bf8b2\h2-2.1.214.jar;C:\Users\Tamires\.gradle\caches\modules-2\files-2.1\org.springframework.boot\spring-boot-starter-aop\2.7.4\5210bce2cf231de528bbc5e9af95ff9c31d1eece\spring-boot-starter-aop-2.7.4.jar;C:\Users\Tamires\.gradle\caches\modules-2\files-2.1\org.springframework.boot\spring-boot-starter-jdbc\2.7.4\c016eabaf0b1495953ea47addfd467e9c886b01b\spring-boot-starter-jdbc-2.7.4.jar;C:\Users\Tamires\.gradle\caches\modules-2\files-2.1\jakarta.transaction\jakarta.transaction-api\1.3.3\c4179d48720a1e87202115fbed6089bdc4195405\jakarta.transaction-api-1.3.3.jar;C:\Users\Tamires\.gradle\caches\modules-2\files-2.1\jakarta.persistence\jakarta.persistence-api\2.2.3\8f6ea5daedc614f07a3654a455660145286f024e\jakarta.persistence-api-2.2.3.jar;C:\Users\Tamires\.gradle\caches\modules-2\files-2.1\org.hibernate\hibernate-core\5.6.11.Final\bc2aa514b13cfeee4ce8ed1f770c321ab63c2b82\hibernate-core-5.6.11.Final.jar;C:\Users\Tamires\.gradle\caches\modules-2\files-2.1\org.springframework.data\spring-data-jpa\2.7.3\e6f61621f80030ba56195cf6664aa8c1d902e082\spring-data-jpa-2.7.3.jar;C:\Users\Tamires\.gradle\caches\modules-2\files-2.1\org.springframework\spring-aspects\5.3.23\35a0f5df4241f794fd79dd2447195ac055e88b8e\spring-aspects-5.3.23.jar;C:\Users\Tamires\.gradle\caches\modules-2\files-2.1\org.springframework.boot\spring-boot-starter-json\2.7.4\c0ee38fab3687538d88a4f7615361ba93fe87fca\spring-boot-
Launcher Type: SUN_STANDARD

[Global flags]
     intx CICompilerCount                          = 3                                         {product} {ergonomic}
     uint ConcGCThreads                            = 1                                         {product} {ergonomic}
     uint G1ConcRefinementThreads                  = 4                                         {product} {ergonomic}
   size_t G1HeapRegionSize                         = 1048576                                   {product} {ergonomic}
    uintx GCDrainStackTargetSize                   = 64                                        {product} {ergonomic}
   size_t InitialHeapSize                          = 67108864                                  {product} {ergonomic}
   size_t MarkStackSize                            = 4194304                                   {product} {ergonomic}
   size_t MaxHeapSize                              = 1042284544                                {product} {ergonomic}
   size_t MaxNewSize                               = 624951296                                 {product} {ergonomic}
   size_t MinHeapDeltaBytes                        = 1048576                                   {product} {ergonomic}
   size_t MinHeapSize                              = 8388608                                   {product} {ergonomic}
    uintx NonNMethodCodeHeapSize                   = 5832780                                {pd product} {ergonomic}
    uintx NonProfiledCodeHeapSize                  = 122912730                              {pd product} {ergonomic}
    uintx ProfiledCodeHeapSize                     = 122912730                              {pd product} {ergonomic}
    uintx ReservedCodeCacheSize                    = 251658240                              {pd product} {ergonomic}
     bool SegmentedCodeCache                       = true                                      {product} {ergonomic}
   size_t SoftMaxHeapSize                          = 1042284544                             {manageable} {ergonomic}
     bool UseCompressedClassPointers               = true                           {product lp64_product} {ergonomic}
     bool UseCompressedOops                        = true                           {product lp64_product} {ergonomic}
     bool UseG1GC                                  = true                                      {product} {ergonomic}
     bool UseLargePagesIndividualAllocation        = false                                  {pd product} {ergonomic}

Logging:
Log output configuration:
 #0: stdout all=warning uptime,level,tags
 #1: stderr all=off uptime,level,tags

Environment Variables:
JAVA_HOME=C:\Program Files\java\zulu11.56.19-ca-jdk11.0.15-win_x64
PATH=C:\Program Files\java\zulu11.56.19-ca-jdk11.0.15-win_x64\bin;C:\Python310\Scripts\;C:\Python310\;C:\Program Files (x86)\NVIDIA Corporation\PhysX\Common;C:\Program Files (x86)\Intel\iCLS Client\;C:\Program Files\Intel\iCLS Client\;C:\WINDOWS\system32;C:\WINDOWS;C:\WINDOWS\System32\Wbem;C:\WINDOWS\System32\WindowsPowerShell\v1.0\;C:\Program Files (x86)\Intel\Intel(R) Management Engine Components\DAL;C:\Program Files\Intel\Intel(R) Management Engine Components\DAL;C:\Program Files (x86)\Intel\Intel(R) Management Engine Components\IPT;C:\Program Files\Intel\Intel(R) Management Engine Components\IPT;C:\Program Files\Git\cmd;C:\ProgramData\chocolatey\bin;C:\Program Files\nodejs\;C:\Users\Tamires\AppData\Local\Microsoft\WindowsApps;;C:\Users\Tamires\AppData\Local\Programs\Microsoft VS Code\bin;C:\Users\Tamires\AppData\Local\nvs\;C:\Users\Tamires\AppData\Roaming\npm;C:\Program Files\JetBrains\IntelliJ IDEA Community Edition 2022.1.3\bin;
USERNAME=Tamires
OS=Windows_NT
PROCESSOR_IDENTIFIER=Intel64 Family 6 Model 78 Stepping 3, GenuineIntel
TMP=C:\Users\Tamires\AppData\Local\Temp
TEMP=C:\Users\Tamires\AppData\Local\Temp



---------------  S Y S T E M  ---------------

OS:
 Windows 10 , 64 bit Build 16299 (10.0.16299.15)
OS uptime: 0 days 10:07 hours

CPU: total 4 (initial active 4) (2 cores per cpu, 2 threads per core) family 6 model 78 stepping 3 microcode 0xc2, cx8, cmov, fxsr, ht, mmx, 3dnowpref, sse, sse2, sse3, ssse3, sse4.1, sse4.2, popcnt, lzcnt, tsc, tscinvbit, avx, avx2, aes, erms, clmul, bmi1, bmi2, adx, fma, vzeroupper, clflush, clflushopt

Memory: 4k page, system-wide physical 3974M (501M free)
TotalPageFile size 7974M (AvailPageFile size 8M)
current process WorkingSet (physical memory assigned to process): 94M, peak: 94M
current process commit charge ("private bytes"): 162M, peak: 162M

vm_info: OpenJDK 64-Bit Server VM (17.0.4.1+1-LTS) for windows-amd64 JRE (17.0.4.1+1-LTS) (Zulu17.36+17-CA), built on Aug 16 2022 10:52:26 by "zulu_re" with MS VC++ 16.10 / 16.11 (VS2019)

END.
